<?xml version="1.0" encoding="UTF-8"?>
<testsuite xmlns:xsi="http://www.w3.org/2001/XMLSchema-instance" xsi:noNamespaceSchemaLocation="https://maven.apache.org/surefire/maven-surefire-plugin/xsd/surefire-test-report-3.0.xsd" version="3.0" name="com.ao8r.tasks_api.TasksApiIntegrationTest" time="10.154" tests="11" errors="0" skipped="0" failures="0">
  <properties>
[...]
</properties>
  <testcase name="test01_signup_new_user" classname="com.ao8r.tasks_api.TasksApiIntegrationTest" time="1.167">
    <system-out><![CDATA[10:13:19.981 [main] INFO org.springframework.test.context.support.AnnotationConfigContextLoaderUtils -- Could not detect default configuration classes for test class [com.ao8r.tasks_api.TasksApiIntegrationTest]: TasksApiIntegrationTest does not declare any static, non-private, non-final, nested classes annotated with @Configuration.
10:13:20.131 [main] INFO org.springframework.boot.test.context.SpringBootTestContextBootstrapper -- Found @SpringBootConfiguration com.ao8r.tasks_api.TasksApiApplication for test class com.ao8r.tasks_api.TasksApiIntegrationTest
10:13:20.433 [main] INFO org.springframework.boot.devtools.restart.RestartApplicationListener -- Restart disabled due to context in which it is running

  .   ____          _            __ _ _
 /\\ / ___'_ __ _ _(_)_ __  __ _ \ \ \ \
( ( )\___ | '_ | '_| | '_ \/ _` | \ \ \ \
 \\/  ___)| |_)| | | | | || (_| |  ) ) ) )
  '  |____| .__|_| |_|_| |_\__, | / / / /
 =========|_|==============|___/=/_/_/_/
 :: Spring Boot ::                (v3.1.5)

2026-04-20T10:13:20.887+02:00  INFO 32533 --- [           main] c.a.tasks_api.TasksApiIntegrationTest    : Starting TasksApiIntegrationTest using Java 17.0.10 with PID 32533 (started by ahmedshaltout in /home/ahmedshaltout/Desktop/androidApp/tech_daily_tasks/tasksApi)
2026-04-20T10:13:20.888+02:00 DEBUG 32533 --- [           main] c.a.tasks_api.TasksApiIntegrationTest    : Running with Spring Boot v3.1.5, Spring v6.0.13
2026-04-20T10:13:20.888+02:00  INFO 32533 --- [           main] c.a.tasks_api.TasksApiIntegrationTest    : The following 1 profile is active: "test"
2026-04-20T10:13:22.200+02:00  INFO 32533 --- [           main] .s.d.r.c.RepositoryConfigurationDelegate : Bootstrapping Spring Data JPA repositories in DEFAULT mode.
2026-04-20T10:13:22.268+02:00  INFO 32533 --- [           main] .s.d.r.c.RepositoryConfigurationDelegate : Finished Spring Data repository scanning in 59 ms. Found 7 JPA repository interfaces.
2026-04-20T10:13:23.115+02:00  INFO 32533 --- [           main] o.s.b.w.embedded.tomcat.TomcatWebServer  : Tomcat initialized with port(s): 0 (http)
2026-04-20T10:13:23.123+02:00  INFO 32533 --- [           main] o.apache.catalina.core.StandardService   : Starting service [Tomcat]
2026-04-20T10:13:23.123+02:00  INFO 32533 --- [           main] o.apache.catalina.core.StandardEngine    : Starting Servlet engine: [Apache Tomcat/10.1.15]
2026-04-20T10:13:23.258+02:00  INFO 32533 --- [           main] o.a.c.c.C.[Tomcat].[localhost].[/]       : Initializing Spring embedded WebApplicationContext
2026-04-20T10:13:23.259+02:00  INFO 32533 --- [           main] w.s.c.ServletWebServerApplicationContext : Root WebApplicationContext: initialization completed in 2316 ms
2026-04-20T10:13:23.490+02:00  INFO 32533 --- [           main] o.hibernate.jpa.internal.util.LogHelper  : HHH000204: Processing PersistenceUnitInfo [name: default]
2026-04-20T10:13:23.587+02:00  INFO 32533 --- [           main] org.hibernate.Version                    : HHH000412: Hibernate ORM core version 6.2.13.Final
2026-04-20T10:13:23.590+02:00  INFO 32533 --- [           main] org.hibernate.cfg.Environment            : HHH000406: Using bytecode reflection optimizer
2026-04-20T10:13:23.990+02:00  INFO 32533 --- [           main] o.s.o.j.p.SpringPersistenceUnitInfo      : No LoadTimeWeaver setup: ignoring JPA class transformer
2026-04-20T10:13:24.063+02:00  INFO 32533 --- [           main] com.zaxxer.hikari.HikariDataSource       : HikariPool-1 - Starting...
2026-04-20T10:13:24.554+02:00  INFO 32533 --- [           main] com.zaxxer.hikari.pool.HikariPool        : HikariPool-1 - Added connection conn0: url=jdbc:h2:mem:testdb user=SA
2026-04-20T10:13:24.555+02:00  INFO 32533 --- [           main] com.zaxxer.hikari.HikariDataSource       : HikariPool-1 - Start completed.
2026-04-20T10:13:25.973+02:00  INFO 32533 --- [           main] o.h.e.t.j.p.i.JtaPlatformInitiator       : HHH000489: No JTA platform available (set 'hibernate.transaction.jta.platform' to enable JTA platform integration)
Hibernate: 
    drop table if exists about_app cascade 
Hibernate: 
    drop table if exists apps_name cascade 
Hibernate: 
    drop table if exists daily_task cascade 
Hibernate: 
    drop table if exists daily_task_co_operator cascade 
Hibernate: 
    drop table if exists place_item cascade 
Hibernate: 
    drop table if exists preventive_item cascade 
Hibernate: 
    drop table if exists preventive_maintenance cascade 
Hibernate: 
    drop table if exists task_users cascade 
Hibernate: 
    create table about_app (
        id bigint generated by default as identity,
        app_name varchar(255) not null,
        recommended varchar(255) not null,
        primary key (id)
    )
Hibernate: 
    create table apps_name (
        id bigint generated by default as identity,
        app_name varchar(255) not null,
        primary key (id)
    )
Hibernate: 
    create table daily_task (
        is_remote boolean not null,
        task_status boolean not null,
        created_at timestamp(6) not null,
        expected_completion_date timestamp(6) not null,
        id bigint generated by default as identity,
        updated_at timestamp(6),
        app_name varchar(255) not null,
        assigned_by varchar(255) not null,
        assigned_to varchar(255) not null,
        sub_place varchar(255),
        task_note varchar(255),
        task_priority varchar(255) not null,
        task_title varchar(255) not null,
        visit_place varchar(255) not null,
        primary key (id)
    )
Hibernate: 
    create table daily_task_co_operator (
        daily_task_id bigint not null,
        co_operator varchar(255)
    )
Hibernate: 
    create table place_item (
        id bigint generated by default as identity,
        place_name varchar(255) not null,
        primary key (id)
    )
Hibernate: 
    create table preventive_item (
        id bigint generated by default as identity,
        action varchar(255) not null,
        app_name varchar(255) not null,
        primary key (id)
    )
Hibernate: 
    create table preventive_maintenance (
        is_remote boolean not null,
        created_at timestamp(6) not null,
        id bigint generated by default as identity,
        action varchar(255) not null,
        app_name varchar(255) not null,
        place_name varchar(255) not null,
        sub_place varchar(255),
        username varchar(255) not null,
        primary key (id)
    )
Hibernate: 
    create table task_users (
        is_enable boolean not null,
        created_at timestamp(6) not null,
        id bigint generated by default as identity,
        department varchar(255) not null,
        display_name varchar(255) not null,
        password varchar(255) not null,
        role varchar(255) not null check (role in ('ADMIN','USER','MANAGER','GENERAL_MANAGER','SECTOR_MANAGER')),
        username varchar(255) not null unique,
        primary key (id)
    )
Hibernate: 
    alter table if exists daily_task_co_operator 
       add constraint FKbs48q5qg05n3hr1ec1ryegm0s 
       foreign key (daily_task_id) 
       references daily_task
2026-04-20T10:13:26.040+02:00  INFO 32533 --- [           main] j.LocalContainerEntityManagerFactoryBean : Initialized JPA EntityManagerFactory for persistence unit 'default'
2026-04-20T10:13:26.444+02:00 DEBUG 32533 --- [           main] c.a.t.security.jwt.AuthTokenFilter       : Filter 'authTokenFilter' configured for use
2026-04-20T10:13:26.509+02:00  INFO 32533 --- [           main] o.s.d.j.r.query.QueryEnhancerFactory     : Hibernate is in classpath; If applicable, HQL parser will be used.
2026-04-20T10:13:27.142+02:00  WARN 32533 --- [           main] JpaBaseConfiguration$JpaWebConfiguration : spring.jpa.open-in-view is enabled by default. Therefore, database queries may be performed during view rendering. Explicitly configure spring.jpa.open-in-view to disable this warning
2026-04-20T10:13:27.512+02:00  INFO 32533 --- [           main] o.s.s.web.DefaultSecurityFilterChain     : Will secure any request with [org.springframework.security.web.session.DisableEncodeUrlFilter@76603c44, org.springframework.security.web.context.request.async.WebAsyncManagerIntegrationFilter@398f6622, org.springframework.security.web.context.SecurityContextHolderFilter@30c0993e, org.springframework.security.web.header.HeaderWriterFilter@5b20024b, org.springframework.security.web.authentication.logout.LogoutFilter@20c4be8d, com.ao8r.tasks_api.security.jwt.AuthTokenFilter@505a48a2, org.springframework.security.web.savedrequest.RequestCacheAwareFilter@67398bad, org.springframework.security.web.servletapi.SecurityContextHolderAwareRequestFilter@33a1bb90, org.springframework.security.web.authentication.AnonymousAuthenticationFilter@18f6ee8d, org.springframework.security.web.session.SessionManagementFilter@13f6395d, org.springframework.security.web.access.ExceptionTranslationFilter@72187492, org.springframework.security.web.access.intercept.AuthorizationFilter@7f8614ce]
2026-04-20T10:13:27.729+02:00  INFO 32533 --- [           main] o.s.b.w.embedded.tomcat.TomcatWebServer  : Tomcat started on port(s): 45639 (http) with context path ''
2026-04-20T10:13:27.735+02:00  INFO 32533 --- [           main] c.a.tasks_api.TasksApiIntegrationTest    : Started TasksApiIntegrationTest in 7.332 seconds (process running for 8.876)
Hibernate: 
    select
        count(*) 
    from
        task_users u1_0
2026-04-20T10:13:27.826+02:00  INFO 32533 --- [           main] com.ao8r.tasks_api.TestDataInitializer   : Initializing test data...
Hibernate: 
    insert 
    into
        task_users
        (created_at,department,display_name,is_enable,password,role,username,id) 
    values
        (?,?,?,?,?,?,?,default)
Hibernate: 
    insert 
    into
        task_users
        (created_at,department,display_name,is_enable,password,role,username,id) 
    values
        (?,?,?,?,?,?,?,default)
Hibernate: 
    insert 
    into
        task_users
        (created_at,department,display_name,is_enable,password,role,username,id) 
    values
        (?,?,?,?,?,?,?,default)
Hibernate: 
    insert 
    into
        task_users
        (created_at,department,display_name,is_enable,password,role,username,id) 
    values
        (?,?,?,?,?,?,?,default)
Hibernate: 
    insert 
    into
        task_users
        (created_at,department,display_name,is_enable,password,role,username,id) 
    values
        (?,?,?,?,?,?,?,default)
2026-04-20T10:13:27.962+02:00  INFO 32533 --- [           main] com.ao8r.tasks_api.TestDataInitializer   : Test data initialized: 5 users created
2026-04-20T10:13:28.932+02:00  INFO 32533 --- [o-auto-1-exec-1] o.a.c.c.C.[Tomcat].[localhost].[/]       : Initializing Spring DispatcherServlet 'dispatcherServlet'
2026-04-20T10:13:28.932+02:00  INFO 32533 --- [o-auto-1-exec-1] o.s.web.servlet.DispatcherServlet        : Initializing Servlet 'dispatcherServlet'
2026-04-20T10:13:28.934+02:00  INFO 32533 --- [o-auto-1-exec-1] o.s.web.servlet.DispatcherServlet        : Completed initialization in 1 ms
2026-04-20T10:13:29.012+02:00  INFO 32533 --- [o-auto-1-exec-1] c.a.t.controller.auth.AuthController     : Signup request received for username: newuser
2026-04-20T10:13:29.012+02:00 DEBUG 32533 --- [o-auto-1-exec-1] c.a.tasks_api.service.UserServiceImpl    : Registering new user with username: newuser
Hibernate: 
    select
        u1_0.id 
    from
        task_users u1_0 
    where
        u1_0.username=? 
    fetch
        first ? rows only
Hibernate: 
    insert 
    into
        task_users
        (created_at,department,display_name,is_enable,password,role,username,id) 
    values
        (?,?,?,?,?,?,?,default)
2026-04-20T10:13:29.111+02:00  INFO 32533 --- [o-auto-1-exec-1] c.a.tasks_api.service.UserServiceImpl    : User registered successfully: newuser
]]></system-out>
  </testcase>
  <testcase name="test02_signup_duplicate_username" classname="com.ao8r.tasks_api.TasksApiIntegrationTest" time="0.022">
    <system-out><![CDATA[2026-04-20T10:13:29.144+02:00  INFO 32533 --- [o-auto-1-exec-2] c.a.t.controller.auth.AuthController     : Signup request received for username: newuser
2026-04-20T10:13:29.144+02:00 DEBUG 32533 --- [o-auto-1-exec-2] c.a.tasks_api.service.UserServiceImpl    : Registering new user with username: newuser
Hibernate: 
    select
        u1_0.id 
    from
        task_users u1_0 
    where
        u1_0.username=? 
    fetch
        first ? rows only
2026-04-20T10:13:29.148+02:00 ERROR 32533 --- [o-auto-1-exec-2] c.a.t.exception.GlobalExceptionHandler   : Runtime error: Error: Username is already taken!
Response status: 400 BAD_REQUEST
Response body: {error=Error: Username is already taken!}
]]></system-out>
  </testcase>
  <testcase name="test03_signin_admin" classname="com.ao8r.tasks_api.TasksApiIntegrationTest" time="0.216">
    <system-out><![CDATA[2026-04-20T10:13:29.173+02:00  INFO 32533 --- [o-auto-1-exec-3] c.a.t.controller.auth.AuthController     : Signin request received for username: admin
Hibernate: 
    select
        u1_0.id,
        u1_0.created_at,
        u1_0.department,
        u1_0.display_name,
        u1_0.is_enable,
        u1_0.password,
        u1_0.role,
        u1_0.username 
    from
        task_users u1_0 
    where
        u1_0.username=?
]]></system-out>
  </testcase>
  <testcase name="test04_signin_regular_user" classname="com.ao8r.tasks_api.TasksApiIntegrationTest" time="0.101">
    <system-out><![CDATA[2026-04-20T10:13:29.391+02:00  INFO 32533 --- [o-auto-1-exec-4] c.a.t.controller.auth.AuthController     : Signin request received for username: user
Hibernate: 
    select
        u1_0.id,
        u1_0.created_at,
        u1_0.department,
        u1_0.display_name,
        u1_0.is_enable,
        u1_0.password,
        u1_0.role,
        u1_0.username 
    from
        task_users u1_0 
    where
        u1_0.username=?
]]></system-out>
  </testcase>
  <testcase name="test05_signin_invalid_credentials" classname="com.ao8r.tasks_api.TasksApiIntegrationTest" time="0.081">
    <system-out><![CDATA[2026-04-20T10:13:29.486+02:00  INFO 32533 --- [o-auto-1-exec-5] c.a.t.controller.auth.AuthController     : Signin request received for username: admin
Hibernate: 
    select
        u1_0.id,
        u1_0.created_at,
        u1_0.department,
        u1_0.display_name,
        u1_0.is_enable,
        u1_0.password,
        u1_0.role,
        u1_0.username 
    from
        task_users u1_0 
    where
        u1_0.username=?
2026-04-20T10:13:29.559+02:00 ERROR 32533 --- [o-auto-1-exec-5] c.a.t.exception.GlobalExceptionHandler   : Bad credentials: Bad credentials
]]></system-out>
  </testcase>
  <testcase name="test06_public_endpoint_no_auth" classname="com.ao8r.tasks_api.TasksApiIntegrationTest" time="0.008">
    <system-out><![CDATA[2026-04-20T10:13:29.568+02:00 DEBUG 32533 --- [o-auto-1-exec-6] c.a.t.controller.test.TestController     : Public endpoint accessed
]]></system-out>
  </testcase>
  <testcase name="test07_user_endpoint_with_user_token" classname="com.ao8r.tasks_api.TasksApiIntegrationTest" time="0.068">
    <system-out><![CDATA[Hibernate: 
    select
        u1_0.id,
        u1_0.created_at,
        u1_0.department,
        u1_0.display_name,
        u1_0.is_enable,
        u1_0.password,
        u1_0.role,
        u1_0.username 
    from
        task_users u1_0 
    where
        u1_0.username=?
2026-04-20T10:13:29.634+02:00 DEBUG 32533 --- [o-auto-1-exec-7] c.a.t.controller.test.TestController     : User endpoint accessed
]]></system-out>
  </testcase>
  <testcase name="test09_admin_endpoint_with_user_token" classname="com.ao8r.tasks_api.TasksApiIntegrationTest" time="0.015">
    <system-out><![CDATA[Hibernate: 
    select
        u1_0.id,
        u1_0.created_at,
        u1_0.department,
        u1_0.display_name,
        u1_0.is_enable,
        u1_0.password,
        u1_0.role,
        u1_0.username 
    from
        task_users u1_0 
    where
        u1_0.username=?
]]></system-out>
  </testcase>
  <testcase name="test10_admin_endpoint_with_admin_token" classname="com.ao8r.tasks_api.TasksApiIntegrationTest" time="0.01">
    <system-out><![CDATA[Hibernate: 
    select
        u1_0.id,
        u1_0.created_at,
        u1_0.department,
        u1_0.display_name,
        u1_0.is_enable,
        u1_0.password,
        u1_0.role,
        u1_0.username 
    from
        task_users u1_0 
    where
        u1_0.username=?
2026-04-20T10:13:29.665+02:00 DEBUG 32533 --- [o-auto-1-exec-7] c.a.t.controller.test.TestController     : Admin endpoint accessed
]]></system-out>
  </testcase>
  <testcase name="test11_validation_error_empty_username" classname="com.ao8r.tasks_api.TasksApiIntegrationTest" time="0.014"/>
  <testcase name="test12_validation_error_short_password" classname="com.ao8r.tasks_api.TasksApiIntegrationTest" time="0.013"/>
</testsuite>